/dss/dsshome1/04/di35van/miniconda3/envs/vim/lib/python3.7/site-packages/scipy/optimize/_hessian_update_strategy.py:186: UserWarning: delta_grad == 0.0. Check if the approximated function is linear. If the function is linear better results can be obtained by defining the Hessian as zero instead of using quasi-Newton approximations.
  'approximations.', UserWarning)
INFO:pystan:COMPILING THE C++ CODE FOR MODEL anon_model_716e2202694bcd73235bf75d865d3cf3 NOW.
['hyperparameter_tuning_fit.py', '42', '0', '200', '176.82633222346016', '0.1', '4284064', '200', '5']
------------------------------------------------------------
EXPERIMENTAL ALGORITHM:
  This procedure has not been thoroughly tested and may be unstable
  or buggy. The interface is subject to change.
------------------------------------------------------------



Gradient evaluation took 3.85664 seconds
1000 transitions using 10 leapfrog steps per transition would take 38566.4 seconds.
Adjust your expectations accordingly!


Begin eta adaptation.
Iteration:   1 / 250 [  0%]  (Adaptation)
Iteration:  50 / 250 [ 20%]  (Adaptation)
Iteration: 100 / 250 [ 40%]  (Adaptation)
Iteration: 150 / 250 [ 60%]  (Adaptation)
Iteration: 200 / 250 [ 80%]  (Adaptation)
Iteration: 250 / 250 [100%]  (Adaptation)
Success! Found best value [eta = 0.1].

Begin stochastic gradient ascent.
  iter             ELBO   delta_ELBO_mean   delta_ELBO_med   notes 
    50     -3843129.990             1.000            1.000
   100     -2498481.248             0.769            1.000
   150     -1939279.554             0.609            0.538
   200     -1662715.351             0.498            0.538
   250     -1516985.377             0.272            0.288
   300     -1424482.762             0.154            0.166
   350     -1367431.399             0.092            0.096
   400     -1327026.540             0.058            0.065
   450     -1295862.166             0.040            0.042
   500     -1272011.494             0.029            0.030
   550     -1251686.176             0.022            0.024
   600     -1234109.124             0.018            0.019
   650     -1217544.444             0.016            0.016
   700     -1203133.867             0.014            0.014
   750     -1189554.768             0.013            0.014
   800     -1177499.941             0.012            0.012
   850     -1166243.823             0.011            0.011
   900     -1155703.861             0.010            0.010
   950     -1146042.694             0.009            0.010   MEAN ELBO CONVERGED   MEDIAN ELBO CONVERGED

Drawing a sample of size 200 from the approximate posterior... 
COMPLETED.
WARNING:pystan:Automatic Differentiation Variational Inference (ADVI) is an EXPERIMENTAL ALGORITHM.
WARNING:pystan:ADVI samples may be found on the filesystem in the file `/dss/dsshome1/04/di35van/Workspace/vi-midas/results/hyperparameter/4284064_5_nb_sample.csv`
/dss/dsshome1/04/di35van/Workspace/vi-midas/utils/vb_stan.py:25: RuntimeWarning: invalid value encountered in multiply
  params = OrderedDict([(name, np.nan * np.empty((n, ) + tuple(shape))) for name, shape in param_shapes.items()])
/dss/dsshome1/04/di35van/Workspace/vi-midas/utils/vb_stan.py:57: RuntimeWarning: invalid value encountered in multiply
  params = OrderedDict([(name, np.nan * np.empty(shape)) for name, shape in param_shapes.items()])
[42, 0, 200.0, 176.82633222346016, 0.1, 4284064, 200, 5]
0
1
2
3
4
5
6
7
8
9
10
11
12
13
14
15
16
17
18
19
20
21
22
23
24
25
26
27
28
29
30
31
32
33
34
35
36
37
38
39
40
41
42
43
44
45
46
47
48
49
50
51
52
53
54
55
56
57
58
59
60
61
62
63
64
65
66
67
68
69
70
71
72
73
74
75
76
77
78
79
80
81
82
83
84
85
86
87
88
89
90
91
92
93
94
95
96
97
98
99
100
101
102
103
104
105
106
107
108
109
110
111
112
113
114
115
116
117
118
119
120
121
122
123
124
125
126
127
128
129
130
131
132
133
134
135
136
137
138
139
140
141
142
143
144
145
146
147
148
149
150
151
152
153
154
155
156
157
158
159
160
161
162
163
164
165
166
167
168
169
170
171
172
173
174
175
176
177
178
179
180
181
182
183
184
185
186
187
188
189
190
191
192
193
194
195
196
197
198
199
0
1
2
3
4
5
6
7
8
9
10
11
12
13
14
15
16
17
18
19
20
21
22
23
24
25
26
27
28
29
30
31
32
33
34
35
36
37
38
39
40
41
42
43
44
45
46
47
48
49
50
51
52
53
54
55
56
57
58
59
60
61
62
63
64
65
66
67
68
69
70
71
72
73
74
75
76
77
78
79
80
81
82
83
84
85
86
87
88
89
90
91
92
93
94
95
96
97
98
99
100
101
102
103
104
105
106
107
108
109
110
111
112
113
114
115
116
117
118
119
120
121
122
123
124
125
126
127
128
129
130
131
132
133
134
135
136
137
138
